#
# A fatal error has been detected by the Java Runtime Environment:
#
#  Internal Error (generateOopMap.cpp:2164), pid=30148, tid=30356
#  fatal error: Illegal class file encountered. Try running with -Xverify:all in method testRemoveFirst1
#
# JRE version: OpenJDK Runtime Environment (16.0.2+7) (build 16.0.2+7-67)
# Java VM: OpenJDK 64-Bit Server VM (16.0.2+7-67, mixed mode, tiered, compressed oops, compressed class ptrs, g1 gc, windows-amd64)
# No core dump will be written. Minidumps are not enabled by default on client versions of Windows
#
# If you would like to submit a bug report, please visit:
#   https://bugreport.java.com/bugreport/crash.jsp
#

---------------  S U M M A R Y ------------

Command Line: -XX:+ShowCodeDetailsInExceptionMessages -agentlib:jdwp=transport=dt_socket,suspend=y,address=localhost:51176 -enableassertions -ea -javaagent:C:\Users\ephra\eclipse\java-2021-06\eclipse\configuration\org.eclipse.osgi\222\0\.cp\lib\javaagent-shaded.jar -Dfile.encoding=UTF-8 org.eclipse.jdt.internal.junit.runner.RemoteTestRunner -version 3 -port 51175 -testLoaderClass org.eclipse.jdt.internal.junit4.runner.JUnit4TestLoader -loaderpluginname org.eclipse.jdt.junit4.runtime -classNames SortingMachine5aTest

Host: 11th Gen Intel(R) Core(TM) i5-1135G7 @ 2.40GHz, 8 cores, 7G,  Windows 10 , 64 bit Build 19041 (10.0.19041.1503)
Time: Wed Mar  2 11:48:32 2022 Central Standard Time elapsed time: 456.320876 seconds (0d 0h 7m 36s)

---------------  T H R E A D  ---------------

Current thread (0x000001c7f8fae980):  VMThread "VM Thread" [stack: 0x000000069d500000,0x000000069d600000] [id=30356]

Stack: [0x000000069d500000,0x000000069d600000]
Native frames: (J=compiled Java code, j=interpreted, Vv=VM code, C=native code)
V  [jvm.dll+0x6681ca]
V  [jvm.dll+0x7c9e69]
V  [jvm.dll+0x7cb61e]
V  [jvm.dll+0x7cbc27]
V  [jvm.dll+0x2429b3]
V  [jvm.dll+0x330cf9]
V  [jvm.dll+0x32d17b]
V  [jvm.dll+0x32f0b5]
V  [jvm.dll+0x32f72e]
V  [jvm.dll+0x32cdaf]
V  [jvm.dll+0x32c037]
V  [jvm.dll+0x656cce]
V  [jvm.dll+0x6569d3]
V  [jvm.dll+0x61c1e8]
V  [jvm.dll+0x7c18f5]
V  [jvm.dll+0x520446]
V  [jvm.dll+0x7d00ab]
V  [jvm.dll+0x7d0da4]
V  [jvm.dll+0x7d12a9]
V  [jvm.dll+0x7d1564]
V  [jvm.dll+0x7d1630]
V  [jvm.dll+0x7795aa]
V  [jvm.dll+0x667066]
C  [ucrtbase.dll+0x21bb2]
C  [KERNEL32.DLL+0x17034]
C  [ntdll.dll+0x52651]

VM_Operation (0x000000069e0ff3a0): get/set locals, mode: safepoint, requested by thread 0x000001c7f9c207d0


---------------  P R O C E S S  ---------------

Threads class SMR info:
_java_thread_list=0x000001c7fa6a0750, length=16, elements={
0x000001c7dd3ae300, 0x000001c7f8fc4010, 0x000001c7f8fc4920, 0x000001c7f8ff5290,
0x000001c7f8ff6bb0, 0x000001c7f8ff74c0, 0x000001c7f8ffa1e0, 0x000001c7f8ffe3d0,
0x000001c7f9918090, 0x000001c7f992a5e0, 0x000001c7f9a0ffd0, 0x000001c7f9c207d0,
0x000001c7f9c246e0, 0x000001c7f9c2e830, 0x000001c7f9cc66a0, 0x000001c7fa0d1b90
}

Java Threads: ( => current thread )
  0x000001c7dd3ae300 JavaThread "main" [_thread_blocked, id=15860, stack(0x000000069cf00000,0x000000069d000000)]
  0x000001c7f8fc4010 JavaThread "Reference Handler" daemon [_thread_blocked, id=22816, stack(0x000000069d600000,0x000000069d700000)]
  0x000001c7f8fc4920 JavaThread "Finalizer" daemon [_thread_blocked, id=13688, stack(0x000000069d700000,0x000000069d800000)]
  0x000001c7f8ff5290 JavaThread "Signal Dispatcher" daemon [_thread_blocked, id=30004, stack(0x000000069d800000,0x000000069d900000)]
  0x000001c7f8ff6bb0 JavaThread "Attach Listener" daemon [_thread_blocked, id=25860, stack(0x000000069d900000,0x000000069da00000)]
  0x000001c7f8ff74c0 JavaThread "Service Thread" daemon [_thread_blocked, id=21920, stack(0x000000069da00000,0x000000069db00000)]
  0x000001c7f8ffa1e0 JavaThread "Monitor Deflation Thread" daemon [_thread_blocked, id=30352, stack(0x000000069db00000,0x000000069dc00000)]
  0x000001c7f8ffe3d0 JavaThread "C2 CompilerThread0" daemon [_thread_blocked, id=22476, stack(0x000000069dc00000,0x000000069dd00000)]
  0x000001c7f9918090 JavaThread "C1 CompilerThread0" daemon [_thread_blocked, id=24836, stack(0x000000069dd00000,0x000000069de00000)]
  0x000001c7f992a5e0 JavaThread "Sweeper thread" daemon [_thread_blocked, id=20644, stack(0x000000069de00000,0x000000069df00000)]
  0x000001c7f9a0ffd0 JavaThread "Common-Cleaner" daemon [_thread_blocked, id=29344, stack(0x000000069df00000,0x000000069e000000)]
  0x000001c7f9c207d0 JavaThread "JDWP Transport Listener: dt_socket" daemon [_thread_blocked, id=30296, stack(0x000000069e000000,0x000000069e100000)]
  0x000001c7f9c246e0 JavaThread "JDWP Event Helper Thread" daemon [_thread_blocked, id=9056, stack(0x000000069e100000,0x000000069e200000)]
  0x000001c7f9c2e830 JavaThread "JDWP Command Reader" daemon [_thread_in_native, id=18488, stack(0x000000069e200000,0x000000069e300000)]
  0x000001c7f9cc66a0 JavaThread "Notification Thread" daemon [_thread_blocked, id=18320, stack(0x000000069e300000,0x000000069e400000)]
  0x000001c7fa0d1b90 JavaThread "ReaderThread" [_thread_in_native, id=19192, stack(0x000000069e600000,0x000000069e700000)]

Other Threads:
=>0x000001c7f8fae980 VMThread "VM Thread" [stack: 0x000000069d500000,0x000000069d600000] [id=30356]
  0x000001c7f9cc6bc0 WatcherThread [stack: 0x000000069e400000,0x000000069e500000] [id=24652]
  0x000001c7dd3edc40 GCTaskThread "GC Thread#0" [stack: 0x000000069d000000,0x000000069d100000] [id=13620]
  0x000001c7dd3feab0 ConcurrentGCThread "G1 Main Marker" [stack: 0x000000069d100000,0x000000069d200000] [id=10372]
  0x000001c7dd3ff430 ConcurrentGCThread "G1 Conc#0" [stack: 0x000000069d200000,0x000000069d300000] [id=23992]
  0x000001c7dd4788c0 ConcurrentGCThread "G1 Refine#0" [stack: 0x000000069d300000,0x000000069d400000] [id=24132]
  0x000001c7dd47b160 ConcurrentGCThread "G1 Service" [stack: 0x000000069d400000,0x000000069d500000] [id=25812]

Threads with active compile tasks:

VM state: at safepoint (normal execution)

VM Mutex/Monitor currently owned by a thread:  ([mutex/lock_event])
[0x000001c7dd3a10a0] Threads_lock - owner thread: 0x000001c7f8fae980

Heap address: 0x0000000084400000, size: 1980 MB, Compressed Oops mode: 32-bit

CDS disabled.
Compressed class space mapped at: 0x0000000100000000-0x0000000140000000, reserved size: 1073741824
Narrow klass base: 0x0000000000000000, Narrow klass shift: 3, Narrow klass range: 0x140000000

GC Precious Log:
 CPUs: 8 total, 8 available
 Memory: 7918M
 Large Page Support: Disabled
 NUMA Support: Disabled
 Compressed Oops: Enabled (32-bit)
 Heap Region Size: 1M
 Heap Min Capacity: 8M
 Heap Initial Capacity: 124M
 Heap Max Capacity: 1980M
 Pre-touch: Disabled
 Parallel Workers: 8
 Concurrent Workers: 2
 Concurrent Refinement Workers: 8
 Periodic GC: Disabled

Heap:
 garbage-first heap   total 126976K, used 15360K [0x0000000084400000, 0x0000000100000000)
  region size 1024K, 16 young (16384K), 0 survivors (0K)
 Metaspace       used 11550K, committed 11776K, reserved 1064960K
  class space    used 1033K, committed 1152K, reserved 1048576K

Heap Regions: E=young(eden), S=young(survivor), O=old, HS=humongous(starts), HC=humongous(continues), CS=collection set, F=free, OA=open archive, CA=closed archive, TAMS=top-at-mark-start (previous, next)
|   0|0x0000000084400000, 0x0000000084400000, 0x0000000084500000|  0%| F|  |TAMS 0x0000000084400000, 0x0000000084400000| Untracked 
|   1|0x0000000084500000, 0x0000000084500000, 0x0000000084600000|  0%| F|  |TAMS 0x0000000084500000, 0x0000000084500000| Untracked 
|   2|0x0000000084600000, 0x0000000084600000, 0x0000000084700000|  0%| F|  |TAMS 0x0000000084600000, 0x0000000084600000| Untracked 
|   3|0x0000000084700000, 0x0000000084700000, 0x0000000084800000|  0%| F|  |TAMS 0x0000000084700000, 0x0000000084700000| Untracked 
|   4|0x0000000084800000, 0x0000000084800000, 0x0000000084900000|  0%| F|  |TAMS 0x0000000084800000, 0x0000000084800000| Untracked 
|   5|0x0000000084900000, 0x0000000084900000, 0x0000000084a00000|  0%| F|  |TAMS 0x0000000084900000, 0x0000000084900000| Untracked 
|   6|0x0000000084a00000, 0x0000000084a00000, 0x0000000084b00000|  0%| F|  |TAMS 0x0000000084a00000, 0x0000000084a00000| Untracked 
|   7|0x0000000084b00000, 0x0000000084b00000, 0x0000000084c00000|  0%| F|  |TAMS 0x0000000084b00000, 0x0000000084b00000| Untracked 
|   8|0x0000000084c00000, 0x0000000084c00000, 0x0000000084d00000|  0%| F|  |TAMS 0x0000000084c00000, 0x0000000084c00000| Untracked 
|   9|0x0000000084d00000, 0x0000000084d00000, 0x0000000084e00000|  0%| F|  |TAMS 0x0000000084d00000, 0x0000000084d00000| Untracked 
|  10|0x0000000084e00000, 0x0000000084e00000, 0x0000000084f00000|  0%| F|  |TAMS 0x0000000084e00000, 0x0000000084e00000| Untracked 
|  11|0x0000000084f00000, 0x0000000084f00000, 0x0000000085000000|  0%| F|  |TAMS 0x0000000084f00000, 0x0000000084f00000| Untracked 
|  12|0x0000000085000000, 0x0000000085000000, 0x0000000085100000|  0%| F|  |TAMS 0x0000000085000000, 0x0000000085000000| Untracked 
|  13|0x0000000085100000, 0x0000000085100000, 0x0000000085200000|  0%| F|  |TAMS 0x0000000085100000, 0x0000000085100000| Untracked 
|  14|0x0000000085200000, 0x0000000085200000, 0x0000000085300000|  0%| F|  |TAMS 0x0000000085200000, 0x0000000085200000| Untracked 
|  15|0x0000000085300000, 0x0000000085300000, 0x0000000085400000|  0%| F|  |TAMS 0x0000000085300000, 0x0000000085300000| Untracked 
|  16|0x0000000085400000, 0x0000000085400000, 0x0000000085500000|  0%| F|  |TAMS 0x0000000085400000, 0x0000000085400000| Untracked 
|  17|0x0000000085500000, 0x0000000085500000, 0x0000000085600000|  0%| F|  |TAMS 0x0000000085500000, 0x0000000085500000| Untracked 
|  18|0x0000000085600000, 0x0000000085600000, 0x0000000085700000|  0%| F|  |TAMS 0x0000000085600000, 0x0000000085600000| Untracked 
|  19|0x0000000085700000, 0x0000000085700000, 0x0000000085800000|  0%| F|  |TAMS 0x0000000085700000, 0x0000000085700000| Untracked 
|  20|0x0000000085800000, 0x0000000085800000, 0x0000000085900000|  0%| F|  |TAMS 0x0000000085800000, 0x0000000085800000| Untracked 
|  21|0x0000000085900000, 0x0000000085900000, 0x0000000085a00000|  0%| F|  |TAMS 0x0000000085900000, 0x0000000085900000| Untracked 
|  22|0x0000000085a00000, 0x0000000085a00000, 0x0000000085b00000|  0%| F|  |TAMS 0x0000000085a00000, 0x0000000085a00000| Untracked 
|  23|0x0000000085b00000, 0x0000000085b00000, 0x0000000085c00000|  0%| F|  |TAMS 0x0000000085b00000, 0x0000000085b00000| Untracked 
|  24|0x0000000085c00000, 0x0000000085c00000, 0x0000000085d00000|  0%| F|  |TAMS 0x0000000085c00000, 0x0000000085c00000| Untracked 
|  25|0x0000000085d00000, 0x0000000085d00000, 0x0000000085e00000|  0%| F|  |TAMS 0x0000000085d00000, 0x0000000085d00000| Untracked 
|  26|0x0000000085e00000, 0x0000000085e00000, 0x0000000085f00000|  0%| F|  |TAMS 0x0000000085e00000, 0x0000000085e00000| Untracked 
|  27|0x0000000085f00000, 0x0000000085f00000, 0x0000000086000000|  0%| F|  |TAMS 0x0000000085f00000, 0x0000000085f00000| Untracked 
|  28|0x0000000086000000, 0x0000000086000000, 0x0000000086100000|  0%| F|  |TAMS 0x0000000086000000, 0x0000000086000000| Untracked 
|  29|0x0000000086100000, 0x0000000086100000, 0x0000000086200000|  0%| F|  |TAMS 0x0000000086100000, 0x0000000086100000| Untracked 
|  30|0x0000000086200000, 0x0000000086200000, 0x0000000086300000|  0%| F|  |TAMS 0x0000000086200000, 0x0000000086200000| Untracked 
|  31|0x0000000086300000, 0x0000000086300000, 0x0000000086400000|  0%| F|  |TAMS 0x0000000086300000, 0x0000000086300000| Untracked 
|  32|0x0000000086400000, 0x0000000086400000, 0x0000000086500000|  0%| F|  |TAMS 0x0000000086400000, 0x0000000086400000| Untracked 
|  33|0x0000000086500000, 0x0000000086500000, 0x0000000086600000|  0%| F|  |TAMS 0x0000000086500000, 0x0000000086500000| Untracked 
|  34|0x0000000086600000, 0x0000000086600000, 0x0000000086700000|  0%| F|  |TAMS 0x0000000086600000, 0x0000000086600000| Untracked 
|  35|0x0000000086700000, 0x0000000086700000, 0x0000000086800000|  0%| F|  |TAMS 0x0000000086700000, 0x0000000086700000| Untracked 
|  36|0x0000000086800000, 0x0000000086800000, 0x0000000086900000|  0%| F|  |TAMS 0x0000000086800000, 0x0000000086800000| Untracked 
|  37|0x0000000086900000, 0x0000000086900000, 0x0000000086a00000|  0%| F|  |TAMS 0x0000000086900000, 0x0000000086900000| Untracked 
|  38|0x0000000086a00000, 0x0000000086a00000, 0x0000000086b00000|  0%| F|  |TAMS 0x0000000086a00000, 0x0000000086a00000| Untracked 
|  39|0x0000000086b00000, 0x0000000086b00000, 0x0000000086c00000|  0%| F|  |TAMS 0x0000000086b00000, 0x0000000086b00000| Untracked 
|  40|0x0000000086c00000, 0x0000000086c00000, 0x0000000086d00000|  0%| F|  |TAMS 0x0000000086c00000, 0x0000000086c00000| Untracked 
|  41|0x0000000086d00000, 0x0000000086d00000, 0x0000000086e00000|  0%| F|  |TAMS 0x0000000086d00000, 0x0000000086d00000| Untracked 
|  42|0x0000000086e00000, 0x0000000086e00000, 0x0000000086f00000|  0%| F|  |TAMS 0x0000000086e00000, 0x0000000086e00000| Untracked 
|  43|0x0000000086f00000, 0x0000000086f00000, 0x0000000087000000|  0%| F|  |TAMS 0x0000000086f00000, 0x0000000086f00000| Untracked 
|  44|0x0000000087000000, 0x0000000087000000, 0x0000000087100000|  0%| F|  |TAMS 0x0000000087000000, 0x0000000087000000| Untracked 
|  45|0x0000000087100000, 0x0000000087100000, 0x0000000087200000|  0%| F|  |TAMS 0x0000000087100000, 0x0000000087100000| Untracked 
|  46|0x0000000087200000, 0x0000000087200000, 0x0000000087300000|  0%| F|  |TAMS 0x0000000087200000, 0x0000000087200000| Untracked 
|  47|0x0000000087300000, 0x0000000087300000, 0x0000000087400000|  0%| F|  |TAMS 0x0000000087300000, 0x0000000087300000| Untracked 
|  48|0x0000000087400000, 0x0000000087400000, 0x0000000087500000|  0%| F|  |TAMS 0x0000000087400000, 0x0000000087400000| Untracked 
|  49|0x0000000087500000, 0x0000000087500000, 0x0000000087600000|  0%| F|  |TAMS 0x0000000087500000, 0x0000000087500000| Untracked 
|  50|0x0000000087600000, 0x0000000087600000, 0x0000000087700000|  0%| F|  |TAMS 0x0000000087600000, 0x0000000087600000| Untracked 
|  51|0x0000000087700000, 0x0000000087700000, 0x0000000087800000|  0%| F|  |TAMS 0x0000000087700000, 0x0000000087700000| Untracked 
|  52|0x0000000087800000, 0x0000000087800000, 0x0000000087900000|  0%| F|  |TAMS 0x0000000087800000, 0x0000000087800000| Untracked 
|  53|0x0000000087900000, 0x0000000087900000, 0x0000000087a00000|  0%| F|  |TAMS 0x0000000087900000, 0x0000000087900000| Untracked 
|  54|0x0000000087a00000, 0x0000000087a00000, 0x0000000087b00000|  0%| F|  |TAMS 0x0000000087a00000, 0x0000000087a00000| Untracked 
|  55|0x0000000087b00000, 0x0000000087b00000, 0x0000000087c00000|  0%| F|  |TAMS 0x0000000087b00000, 0x0000000087b00000| Untracked 
|  56|0x0000000087c00000, 0x0000000087c00000, 0x0000000087d00000|  0%| F|  |TAMS 0x0000000087c00000, 0x0000000087c00000| Untracked 
|  57|0x0000000087d00000, 0x0000000087d00000, 0x0000000087e00000|  0%| F|  |TAMS 0x0000000087d00000, 0x0000000087d00000| Untracked 
|  58|0x0000000087e00000, 0x0000000087e00000, 0x0000000087f00000|  0%| F|  |TAMS 0x0000000087e00000, 0x0000000087e00000| Untracked 
|  59|0x0000000087f00000, 0x0000000087f00000, 0x0000000088000000|  0%| F|  |TAMS 0x0000000087f00000, 0x0000000087f00000| Untracked 
|  60|0x0000000088000000, 0x0000000088000000, 0x0000000088100000|  0%| F|  |TAMS 0x0000000088000000, 0x0000000088000000| Untracked 
|  61|0x0000000088100000, 0x0000000088100000, 0x0000000088200000|  0%| F|  |TAMS 0x0000000088100000, 0x0000000088100000| Untracked 
|  62|0x0000000088200000, 0x0000000088200000, 0x0000000088300000|  0%| F|  |TAMS 0x0000000088200000, 0x0000000088200000| Untracked 
|  63|0x0000000088300000, 0x0000000088300000, 0x0000000088400000|  0%| F|  |TAMS 0x0000000088300000, 0x0000000088300000| Untracked 
|  64|0x0000000088400000, 0x0000000088400000, 0x0000000088500000|  0%| F|  |TAMS 0x0000000088400000, 0x0000000088400000| Untracked 
|  65|0x0000000088500000, 0x0000000088500000, 0x0000000088600000|  0%| F|  |TAMS 0x0000000088500000, 0x0000000088500000| Untracked 
|  66|0x0000000088600000, 0x0000000088600000, 0x0000000088700000|  0%| F|  |TAMS 0x0000000088600000, 0x0000000088600000| Untracked 
|  67|0x0000000088700000, 0x0000000088700000, 0x0000000088800000|  0%| F|  |TAMS 0x0000000088700000, 0x0000000088700000| Untracked 
|  68|0x0000000088800000, 0x0000000088800000, 0x0000000088900000|  0%| F|  |TAMS 0x0000000088800000, 0x0000000088800000| Untracked 
|  69|0x0000000088900000, 0x0000000088900000, 0x0000000088a00000|  0%| F|  |TAMS 0x0000000088900000, 0x0000000088900000| Untracked 
|  70|0x0000000088a00000, 0x0000000088a00000, 0x0000000088b00000|  0%| F|  |TAMS 0x0000000088a00000, 0x0000000088a00000| Untracked 
|  71|0x0000000088b00000, 0x0000000088b00000, 0x0000000088c00000|  0%| F|  |TAMS 0x0000000088b00000, 0x0000000088b00000| Untracked 
|  72|0x0000000088c00000, 0x0000000088c00000, 0x0000000088d00000|  0%| F|  |TAMS 0x0000000088c00000, 0x0000000088c00000| Untracked 
|  73|0x0000000088d00000, 0x0000000088d00000, 0x0000000088e00000|  0%| F|  |TAMS 0x0000000088d00000, 0x0000000088d00000| Untracked 
|  74|0x0000000088e00000, 0x0000000088e00000, 0x0000000088f00000|  0%| F|  |TAMS 0x0000000088e00000, 0x0000000088e00000| Untracked 
|  75|0x0000000088f00000, 0x0000000088f00000, 0x0000000089000000|  0%| F|  |TAMS 0x0000000088f00000, 0x0000000088f00000| Untracked 
|  76|0x0000000089000000, 0x0000000089000000, 0x0000000089100000|  0%| F|  |TAMS 0x0000000089000000, 0x0000000089000000| Untracked 
|  77|0x0000000089100000, 0x0000000089100000, 0x0000000089200000|  0%| F|  |TAMS 0x0000000089100000, 0x0000000089100000| Untracked 
|  78|0x0000000089200000, 0x0000000089200000, 0x0000000089300000|  0%| F|  |TAMS 0x0000000089200000, 0x0000000089200000| Untracked 
|  79|0x0000000089300000, 0x0000000089300000, 0x0000000089400000|  0%| F|  |TAMS 0x0000000089300000, 0x0000000089300000| Untracked 
|  80|0x0000000089400000, 0x0000000089400000, 0x0000000089500000|  0%| F|  |TAMS 0x0000000089400000, 0x0000000089400000| Untracked 
|  81|0x0000000089500000, 0x0000000089500000, 0x0000000089600000|  0%| F|  |TAMS 0x0000000089500000, 0x0000000089500000| Untracked 
|  82|0x0000000089600000, 0x0000000089600000, 0x0000000089700000|  0%| F|  |TAMS 0x0000000089600000, 0x0000000089600000| Untracked 
|  83|0x0000000089700000, 0x0000000089700000, 0x0000000089800000|  0%| F|  |TAMS 0x0000000089700000, 0x0000000089700000| Untracked 
|  84|0x0000000089800000, 0x0000000089800000, 0x0000000089900000|  0%| F|  |TAMS 0x0000000089800000, 0x0000000089800000| Untracked 
|  85|0x0000000089900000, 0x0000000089900000, 0x0000000089a00000|  0%| F|  |TAMS 0x0000000089900000, 0x0000000089900000| Untracked 
|  86|0x0000000089a00000, 0x0000000089a00000, 0x0000000089b00000|  0%| F|  |TAMS 0x0000000089a00000, 0x0000000089a00000| Untracked 
|  87|0x0000000089b00000, 0x0000000089b00000, 0x0000000089c00000|  0%| F|  |TAMS 0x0000000089b00000, 0x0000000089b00000| Untracked 
|  88|0x0000000089c00000, 0x0000000089c00000, 0x0000000089d00000|  0%| F|  |TAMS 0x0000000089c00000, 0x0000000089c00000| Untracked 
|  89|0x0000000089d00000, 0x0000000089d00000, 0x0000000089e00000|  0%| F|  |TAMS 0x0000000089d00000, 0x0000000089d00000| Untracked 
|  90|0x0000000089e00000, 0x0000000089e00000, 0x0000000089f00000|  0%| F|  |TAMS 0x0000000089e00000, 0x0000000089e00000| Untracked 
|  91|0x0000000089f00000, 0x0000000089f00000, 0x000000008a000000|  0%| F|  |TAMS 0x0000000089f00000, 0x0000000089f00000| Untracked 
|  92|0x000000008a000000, 0x000000008a000000, 0x000000008a100000|  0%| F|  |TAMS 0x000000008a000000, 0x000000008a000000| Untracked 
|  93|0x000000008a100000, 0x000000008a100000, 0x000000008a200000|  0%| F|  |TAMS 0x000000008a100000, 0x000000008a100000| Untracked 
|  94|0x000000008a200000, 0x000000008a200000, 0x000000008a300000|  0%| F|  |TAMS 0x000000008a200000, 0x000000008a200000| Untracked 
|  95|0x000000008a300000, 0x000000008a300000, 0x000000008a400000|  0%| F|  |TAMS 0x000000008a300000, 0x000000008a300000| Untracked 
|  96|0x000000008a400000, 0x000000008a400000, 0x000000008a500000|  0%| F|  |TAMS 0x000000008a400000, 0x000000008a400000| Untracked 
|  97|0x000000008a500000, 0x000000008a500000, 0x000000008a600000|  0%| F|  |TAMS 0x000000008a500000, 0x000000008a500000| Untracked 
|  98|0x000000008a600000, 0x000000008a600000, 0x000000008a700000|  0%| F|  |TAMS 0x000000008a600000, 0x000000008a600000| Untracked 
|  99|0x000000008a700000, 0x000000008a700000, 0x000000008a800000|  0%| F|  |TAMS 0x000000008a700000, 0x000000008a700000| Untracked 
| 100|0x000000008a800000, 0x000000008a800000, 0x000000008a900000|  0%| F|  |TAMS 0x000000008a800000, 0x000000008a800000| Untracked 
| 101|0x000000008a900000, 0x000000008a900000, 0x000000008aa00000|  0%| F|  |TAMS 0x000000008a900000, 0x000000008a900000| Untracked 
| 102|0x000000008aa00000, 0x000000008aa00000, 0x000000008ab00000|  0%| F|  |TAMS 0x000000008aa00000, 0x000000008aa00000| Untracked 
| 103|0x000000008ab00000, 0x000000008ab00000, 0x000000008ac00000|  0%| F|  |TAMS 0x000000008ab00000, 0x000000008ab00000| Untracked 
| 104|0x000000008ac00000, 0x000000008ac00000, 0x000000008ad00000|  0%| F|  |TAMS 0x000000008ac00000, 0x000000008ac00000| Untracked 
| 105|0x000000008ad00000, 0x000000008ad00000, 0x000000008ae00000|  0%| F|  |TAMS 0x000000008ad00000, 0x000000008ad00000| Untracked 
| 106|0x000000008ae00000, 0x000000008ae00000, 0x000000008af00000|  0%| F|  |TAMS 0x000000008ae00000, 0x000000008ae00000| Untracked 
| 107|0x000000008af00000, 0x000000008af00000, 0x000000008b000000|  0%| F|  |TAMS 0x000000008af00000, 0x000000008af00000| Untracked 
| 108|0x000000008b000000, 0x000000008b076460, 0x000000008b100000| 46%| E|  |TAMS 0x000000008b000000, 0x000000008b000000| Complete 
| 109|0x000000008b100000, 0x000000008b200000, 0x000000008b200000|100%| E|CS|TAMS 0x000000008b100000, 0x000000008b100000| Complete 
| 110|0x000000008b200000, 0x000000008b300000, 0x000000008b300000|100%| E|CS|TAMS 0x000000008b200000, 0x000000008b200000| Complete 
| 111|0x000000008b300000, 0x000000008b400000, 0x000000008b400000|100%| E|CS|TAMS 0x000000008b300000, 0x000000008b300000| Complete 
| 112|0x000000008b400000, 0x000000008b500000, 0x000000008b500000|100%| E|CS|TAMS 0x000000008b400000, 0x000000008b400000| Complete 
| 113|0x000000008b500000, 0x000000008b600000, 0x000000008b600000|100%| E|CS|TAMS 0x000000008b500000, 0x000000008b500000| Complete 
| 114|0x000000008b600000, 0x000000008b700000, 0x000000008b700000|100%| E|CS|TAMS 0x000000008b600000, 0x000000008b600000| Complete 
| 115|0x000000008b700000, 0x000000008b800000, 0x000000008b800000|100%| E|CS|TAMS 0x000000008b700000, 0x000000008b700000| Complete 
| 116|0x000000008b800000, 0x000000008b900000, 0x000000008b900000|100%| E|CS|TAMS 0x000000008b800000, 0x000000008b800000| Complete 
| 117|0x000000008b900000, 0x000000008ba00000, 0x000000008ba00000|100%| E|CS|TAMS 0x000000008b900000, 0x000000008b900000| Complete 
| 118|0x000000008ba00000, 0x000000008bb00000, 0x000000008bb00000|100%| E|CS|TAMS 0x000000008ba00000, 0x000000008ba00000| Complete 
| 119|0x000000008bb00000, 0x000000008bc00000, 0x000000008bc00000|100%| E|CS|TAMS 0x000000008bb00000, 0x000000008bb00000| Complete 
| 120|0x000000008bc00000, 0x000000008bd00000, 0x000000008bd00000|100%| E|CS|TAMS 0x000000008bc00000, 0x000000008bc00000| Complete 
| 121|0x000000008bd00000, 0x000000008be00000, 0x000000008be00000|100%| E|CS|TAMS 0x000000008bd00000, 0x000000008bd00000| Complete 
| 122|0x000000008be00000, 0x000000008bf00000, 0x000000008bf00000|100%| E|CS|TAMS 0x000000008be00000, 0x000000008be00000| Complete 
| 123|0x000000008bf00000, 0x000000008c000000, 0x000000008c000000|100%| E|CS|TAMS 0x000000008bf00000, 0x000000008bf00000| Complete 

Card table byte_map: [0x000001c7f1f60000,0x000001c7f2340000] _byte_map_base: 0x000001c7f1b3e000

Marking Bits (Prev, Next): (CMBitMap*) 0x000001c7dd3ee1c0, (CMBitMap*) 0x000001c7dd3ee200
 Prev Bits: [0x000001c7f2720000, 0x000001c7f4610000)
 Next Bits: [0x000001c7f4610000, 0x000001c7f6500000)

Polling page: 0x000001c7dd490000

Metaspace:

Usage:
  Non-class:     10.27 MB used.
      Class:      1.01 MB used.
       Both:     11.28 MB used.

Virtual space:
  Non-class space:       16.00 MB reserved,      10.38 MB ( 65%) committed,  2 nodes.
      Class space:        1.00 GB reserved,       1.12 MB ( <1%) committed,  1 nodes.
              Both:        1.02 GB reserved,      11.50 MB (  1%) committed. 

Chunk freelists:
   Non-Class:  880.00 KB
       Class:  2.73 MB
        Both:  3.59 MB

MaxMetaspaceSize: 17179869184.00 GB
CompressedClassSpaceSize: 1.00 GB
 - commit_granule_bytes: 65536.
 - commit_granule_words: 8192.
 - virtual_space_node_default_size: 1048576.
 - enlarge_chunks_in_place: 1.
 - new_chunks_are_fully_committed: 0.
 - uncommit_free_chunks: 1.
 - use_allocation_guard: 0.
 - handle_deallocations: 1.


Internal statistics:

num_allocs_failed_limit: 0.
num_arena_births: 22.
num_arena_deaths: 0.
num_vsnodes_births: 3.
num_vsnodes_deaths: 0.
num_space_committed: 184.
num_space_uncommitted: 0.
num_chunks_returned_to_freelist: 0.
num_chunks_taken_from_freelist: 113.
num_chunk_merges: 0.
num_chunk_splits: 49.
num_chunks_enlarged: 30.
num_purges: 0.

CodeHeap 'non-profiled nmethods': size=120000Kb used=294Kb max_used=294Kb free=119705Kb
 bounds [0x000001c7e9be0000, 0x000001c7e9e50000, 0x000001c7f1110000]
CodeHeap 'profiled nmethods': size=120000Kb used=1475Kb max_used=1475Kb free=118524Kb
 bounds [0x000001c7e26b0000, 0x000001c7e2920000, 0x000001c7e9be0000]
CodeHeap 'non-nmethods': size=5760Kb used=1220Kb max_used=1234Kb free=4539Kb
 bounds [0x000001c7e2110000, 0x000001c7e2380000, 0x000001c7e26b0000]
 total_blobs=1250 nmethods=833 adapters=330
 compilation: enabled
              stopped_count=0, restarted_count=0
 full_count=0

Compilation events (20 events):
Event: 0.633 Thread 0x000001c7fa223360  824       4       java.lang.String::checkBoundsBeginEnd (63 bytes)
Event: 0.633 Thread 0x000001c7fa223360 nmethod 824 0x000001c7e9c29890 code [0x000001c7e9c29a20, 0x000001c7e9c29ad8]
Event: 0.634 Thread 0x000001c7f9918090  825       3       java.lang.AbstractStringBuilder::append (63 bytes)
Event: 0.634 Thread 0x000001c7f9918090 nmethod 825 0x000001c7e281a690 code [0x000001c7e281a880, 0x000001c7e281ade8]
Event: 0.634 Thread 0x000001c7f9918090  826       3       java.lang.AbstractStringBuilder::checkRange (63 bytes)
Event: 0.635 Thread 0x000001c7f9918090 nmethod 826 0x000001c7e281af90 code [0x000001c7e281b220, 0x000001c7e281bb58]
Event: 0.635 Thread 0x000001c7f9918090  827       3       java.lang.AbstractStringBuilder::appendChars (207 bytes)
Event: 0.636 Thread 0x000001c7f9918090 nmethod 827 0x000001c7e281bf10 code [0x000001c7e281c1e0, 0x000001c7e281d1a8]
Event: 0.636 Thread 0x000001c7f9918090  829       3       java.io.PrintWriter::print (9 bytes)
Event: 0.636 Thread 0x000001c7f9918090 nmethod 829 0x000001c7e281d790 code [0x000001c7e281d980, 0x000001c7e281dda8]
Event: 0.636 Thread 0x000001c7f9918090  828       3       java.lang.reflect.AccessibleObject::logIfExportedForIllegalAccess (54 bytes)
Event: 0.637 Thread 0x000001c7f9918090 nmethod 828 0x000001c7e281df90 code [0x000001c7e281e180, 0x000001c7e281e6b8]
Event: 193.208 Thread 0x000001c7f9918090  831   !   3       sun.instrument.TransformerManager::transform (100 bytes)
Event: 193.209 Thread 0x000001c7f9918090 nmethod 831 0x000001c7e281e910 code [0x000001c7e281eae0, 0x000001c7e281ef88]
Event: 193.213 Thread 0x000001c7f9918090  830       3       sun.instrument.InstrumentationImpl::transform (73 bytes)
Event: 193.213 Thread 0x000001c7f9918090 nmethod 830 0x000001c7e281f210 code [0x000001c7e281f3e0, 0x000001c7e281f7e8]
Event: 193.213 Thread 0x000001c7f9918090  832       3       java.lang.instrument.ClassFileTransformer::transform (15 bytes)
Event: 193.213 Thread 0x000001c7f9918090 nmethod 832 0x000001c7e281f990 code [0x000001c7e281fb40, 0x000001c7e281fd48]
Event: 193.213 Thread 0x000001c7f9918090  833   !   3       org.eclipse.jdt.launching.internal.javaagent.Premain$1::transform (103 bytes)
Event: 193.214 Thread 0x000001c7f9918090 nmethod 833 0x000001c7e281fe10 code [0x000001c7e2820080, 0x000001c7e2820bc8]

GC Heap History (0 events):
No events

Deoptimization events (20 events):
Event: 0.442 Thread 0x000001c7dd3ae300 DEOPT PACKING pc=0x000001c7e27236db sp=0x000000069cffa690
Event: 0.442 Thread 0x000001c7dd3ae300 DEOPT UNPACKING pc=0x000001c7e215e77e sp=0x000000069cff9af8 mode 0
Event: 0.442 Thread 0x000001c7dd3ae300 DEOPT PACKING pc=0x000001c7e27236db sp=0x000000069cffa690
Event: 0.442 Thread 0x000001c7dd3ae300 DEOPT UNPACKING pc=0x000001c7e215e77e sp=0x000000069cff9af8 mode 0
Event: 0.442 Thread 0x000001c7dd3ae300 DEOPT PACKING pc=0x000001c7e27236db sp=0x000000069cffa690
Event: 0.442 Thread 0x000001c7dd3ae300 DEOPT UNPACKING pc=0x000001c7e215e77e sp=0x000000069cff9af8 mode 0
Event: 0.442 Thread 0x000001c7dd3ae300 DEOPT PACKING pc=0x000001c7e27236db sp=0x000000069cffa690
Event: 0.442 Thread 0x000001c7dd3ae300 DEOPT UNPACKING pc=0x000001c7e215e77e sp=0x000000069cff9af8 mode 0
Event: 0.443 Thread 0x000001c7dd3ae300 DEOPT PACKING pc=0x000001c7e27235f0 sp=0x000000069cffa9e0
Event: 0.443 Thread 0x000001c7dd3ae300 DEOPT UNPACKING pc=0x000001c7e215e77e sp=0x000000069cff9e48 mode 0
Event: 0.471 Thread 0x000001c7dd3ae300 DEOPT PACKING pc=0x000001c7e272bff9 sp=0x000000069cffebc0
Event: 0.471 Thread 0x000001c7dd3ae300 DEOPT UNPACKING pc=0x000001c7e215e77e sp=0x000000069cffe048 mode 0
Event: 0.511 Thread 0x000001c7dd3ae300 DEOPT PACKING pc=0x000001c7e26eaed6 sp=0x000000069cff8940
Event: 0.511 Thread 0x000001c7dd3ae300 DEOPT UNPACKING pc=0x000001c7e215e77e sp=0x000000069cff7dc8 mode 0
Event: 0.512 Thread 0x000001c7dd3ae300 DEOPT PACKING pc=0x000001c7e26eaed6 sp=0x000000069cff87a0
Event: 0.512 Thread 0x000001c7dd3ae300 DEOPT UNPACKING pc=0x000001c7e215e77e sp=0x000000069cff7c28 mode 0
Event: 0.513 Thread 0x000001c7dd3ae300 Uncommon trap: trap_request=0xffffff45 fr.pc=0x000001c7e9c07284 relative=0x0000000000000164
Event: 0.513 Thread 0x000001c7dd3ae300 Uncommon trap: reason=unstable_if action=reinterpret pc=0x000001c7e9c07284 method=java.math.BigInteger.addOne([IIII)I @ 55 c2
Event: 0.513 Thread 0x000001c7dd3ae300 DEOPT PACKING pc=0x000001c7e9c07284 sp=0x000000069cff8280
Event: 0.513 Thread 0x000001c7dd3ae300 DEOPT UNPACKING pc=0x000001c7e215f92e sp=0x000000069cff8230 mode 2

Classes unloaded (0 events):
No events

Classes redefined (6 events):
Event: 98.661 Thread 0x000001c7f8fae980 redefined class name=SortingMachineTest, count=1
Event: 98.661 Thread 0x000001c7f8fae980 redefined class name=SortingMachineTest$StringLT, count=1
Event: 183.859 Thread 0x000001c7f8fae980 redefined class name=SortingMachineTest, count=2
Event: 183.859 Thread 0x000001c7f8fae980 redefined class name=SortingMachineTest$StringLT, count=2
Event: 193.210 Thread 0x000001c7f8fae980 redefined class name=SortingMachineTest, count=3
Event: 193.210 Thread 0x000001c7f8fae980 redefined class name=SortingMachineTest$StringLT, count=3

Internal exceptions (13 events):
Event: 0.360 Thread 0x000001c7dd3ae300 Exception <a 'java/lang/NoSuchMethodError'{0x000000008bb1f5f8}: 'java.lang.Object java.lang.invoke.DirectMethodHandle$Holder.invokeStatic(java.lang.Object)'> (0x000000008bb1f5f8) 
thrown [t:\workspace\open\src\hotspot\share\interpreter\linkResolver.cpp, line 790]
Event: 0.457 Thread 0x000001c7dd3ae300 Exception <a 'java/lang/NoSuchMethodError'{0x000000008b9f3068}: 'java.lang.Object java.lang.invoke.DirectMethodHandle$Holder.invokeStaticInit(java.lang.Object)'> (0x000000008b9f3068) 
thrown [t:\workspace\open\src\hotspot\share\interpreter\linkResolver.cpp, line 790]
Event: 0.465 Thread 0x000001c7dd3ae300 Exception <a 'java/lang/NoSuchMethodError'{0x000000008b81e798}: 'void java.lang.invoke.DirectMethodHandle$Holder.invokeStatic(java.lang.Object, java.lang.Object)'> (0x000000008b81e798) 
thrown [t:\workspace\open\src\hotspot\share\interpreter\linkResolver.cpp, line 790]
Event: 0.548 Thread 0x000001c7dd3ae300 Exception <a 'java/lang/NoSuchMethodError'{0x000000008b45d2c0}: 'java.lang.Object java.lang.invoke.DirectMethodHandle$Holder.invokeInterface(java.lang.Object, java.lang.Object)'> (0x000000008b45d2c0) 
thrown [t:\workspace\open\src\hotspot\share\interpreter\linkResolver.cpp, line 790]
Event: 0.548 Thread 0x000001c7dd3ae300 Exception <a 'java/lang/IncompatibleClassChangeError'{0x000000008b460cb8}: Found class java.lang.Object, but interface was expected> (0x000000008b460cb8) 
thrown [t:\workspace\open\src\hotspot\share\interpreter\linkResolver.cpp, line 857]
Event: 0.566 Thread 0x000001c7dd3ae300 Exception <a 'java/lang/NoSuchMethodError'{0x000000008b31b058}: 'java.lang.Object java.lang.invoke.DirectMethodHandle$Holder.newInvokeSpecial(java.lang.Object, java.lang.Object, java.lang.Object, java.lang.Object, java.lang.Object)'> (0x000000008b31b058) 
thrown [t:\workspace\open\src\hotspot\share\interpreter\linkResolver.cpp, line 790]
Event: 0.618 Thread 0x000001c7dd3ae300 Exception <a 'java/lang/reflect/InvocationTargetException'{0x000000008b161698}> (0x000000008b161698) 
thrown [t:\workspace\open\src\hotspot\share\runtime\reflection.cpp, line 1157]
Event: 0.628 Thread 0x000001c7dd3ae300 Exception <a 'java/lang/reflect/InvocationTargetException'{0x000000008b1c1610}> (0x000000008b1c1610) 
thrown [t:\workspace\open\src\hotspot\share\runtime\reflection.cpp, line 1157]
Event: 0.629 Thread 0x000001c7dd3ae300 Exception <a 'java/lang/reflect/InvocationTargetException'{0x000000008b1cbcc8}> (0x000000008b1cbcc8) 
thrown [t:\workspace\open\src\hotspot\share\runtime\reflection.cpp, line 1157]
Event: 0.631 Thread 0x000001c7dd3ae300 Exception <a 'java/lang/reflect/InvocationTargetException'{0x000000008b1d6498}> (0x000000008b1d6498) 
thrown [t:\workspace\open\src\hotspot\share\runtime\reflection.cpp, line 1157]
Event: 0.632 Thread 0x000001c7dd3ae300 Exception <a 'java/lang/reflect/InvocationTargetException'{0x000000008b1e15e8}> (0x000000008b1e15e8) 
thrown [t:\workspace\open\src\hotspot\share\runtime\reflection.cpp, line 1157]
Event: 0.633 Thread 0x000001c7dd3ae300 Exception <a 'java/lang/reflect/InvocationTargetException'{0x000000008b1eb510}> (0x000000008b1eb510) 
thrown [t:\workspace\open\src\hotspot\share\runtime\reflection.cpp, line 1157]
Event: 0.635 Thread 0x000001c7dd3ae300 Exception <a 'java/lang/reflect/InvocationTargetException'{0x000000008b1f6768}> (0x000000008b1f6768) 
thrown [t:\workspace\open\src\hotspot\share\runtime\reflection.cpp, line 1157]

Events (20 events):
Event: 99.118 Executing  VM operation: get/set locals done
Event: 99.119 Executing  VM operation: get/set locals
Event: 99.119 Executing  VM operation: get/set locals done
Event: 99.119 Executing  VM operation: get/set locals
Event: 99.119 Executing  VM operation: get/set locals done
Event: 99.119 Executing  VM operation: get/set locals
Event: 99.119 Executing  VM operation: get/set locals done
Event: 99.119 Executing  VM operation: get/set locals
Event: 99.119 Executing  VM operation: get/set locals done
Event: 183.857 Executing  VM operation: RedefineClasses
Event: 183.862 Executing  VM operation: RedefineClasses done
Event: 183.875 Executing  VM operation: ChangeBreakpoints
Event: 183.875 Executing  VM operation: ChangeBreakpoints done
Event: 193.209 Executing  VM operation: RedefineClasses
Event: 193.213 Executing  VM operation: RedefineClasses done
Event: 193.220 Executing  VM operation: ChangeBreakpoints
Event: 193.221 Executing  VM operation: ChangeBreakpoints done
Event: 193.221 Executing  VM operation: ChangeBreakpoints
Event: 193.221 Executing  VM operation: ChangeBreakpoints done
Event: 456.317 Executing  VM operation: get/set locals


Dynamic libraries:
0x00007ff670430000 - 0x00007ff67043e000 	C:\Users\ephra\.p2\pool\plugins\org.eclipse.justj.openjdk.hotspot.jre.full.win32.x86_64_16.0.2.v20210721-1149\jre\bin\javaw.exe
0x00007ffba3370000 - 0x00007ffba3565000 	C:\Windows\SYSTEM32\ntdll.dll
0x00007ffba23b0000 - 0x00007ffba246e000 	C:\Windows\System32\KERNEL32.DLL
0x00007ffba0b20000 - 0x00007ffba0de8000 	C:\Windows\System32\KERNELBASE.dll
0x00007ffba0f00000 - 0x00007ffba1000000 	C:\Windows\System32\ucrtbase.dll
0x00007ffb7a4d0000 - 0x00007ffb7a4e8000 	C:\Users\ephra\.p2\pool\plugins\org.eclipse.justj.openjdk.hotspot.jre.full.win32.x86_64_16.0.2.v20210721-1149\jre\bin\jli.dll
0x00007ffb8af40000 - 0x00007ffb8af59000 	C:\Users\ephra\.p2\pool\plugins\org.eclipse.justj.openjdk.hotspot.jre.full.win32.x86_64_16.0.2.v20210721-1149\jre\bin\VCRUNTIME140.dll
0x00007ffba26c0000 - 0x00007ffba2860000 	C:\Windows\System32\USER32.dll
0x00007ffba0af0000 - 0x00007ffba0b12000 	C:\Windows\System32\win32u.dll
0x00007ffb9fe80000 - 0x00007ffba011a000 	C:\Windows\WinSxS\amd64_microsoft.windows.common-controls_6595b64144ccf1df_6.0.19041.1110_none_60b5254171f9507e\COMCTL32.dll
0x00007ffba2690000 - 0x00007ffba26bb000 	C:\Windows\System32\GDI32.dll
0x00007ffba2980000 - 0x00007ffba2a1e000 	C:\Windows\System32\msvcrt.dll
0x00007ffba0df0000 - 0x00007ffba0efd000 	C:\Windows\System32\gdi32full.dll
0x00007ffba1130000 - 0x00007ffba11cd000 	C:\Windows\System32\msvcp_win.dll
0x00007ffba1a00000 - 0x00007ffba1a30000 	C:\Windows\System32\IMM32.DLL
0x00007ffb9cb60000 - 0x00007ffb9cb6c000 	C:\Users\ephra\.p2\pool\plugins\org.eclipse.justj.openjdk.hotspot.jre.full.win32.x86_64_16.0.2.v20210721-1149\jre\bin\vcruntime140_1.dll
0x00007ffb6a1a0000 - 0x00007ffb6a231000 	C:\Users\ephra\.p2\pool\plugins\org.eclipse.justj.openjdk.hotspot.jre.full.win32.x86_64_16.0.2.v20210721-1149\jre\bin\msvcp140.dll
0x00007ffb1ef50000 - 0x00007ffb1fafb000 	C:\Users\ephra\.p2\pool\plugins\org.eclipse.justj.openjdk.hotspot.jre.full.win32.x86_64_16.0.2.v20210721-1149\jre\bin\server\jvm.dll
0x00007ffba13c0000 - 0x00007ffba146e000 	C:\Windows\System32\ADVAPI32.dll
0x00007ffba1470000 - 0x00007ffba150c000 	C:\Windows\System32\sechost.dll
0x00007ffba2560000 - 0x00007ffba2685000 	C:\Windows\System32\RPCRT4.dll
0x00007ffba2a30000 - 0x00007ffba2a38000 	C:\Windows\System32\PSAPI.DLL
0x00007ffb976a0000 - 0x00007ffb976a9000 	C:\Windows\SYSTEM32\WSOCK32.dll
0x00007ffba2470000 - 0x00007ffba24db000 	C:\Windows\System32\WS2_32.dll
0x00007ffb9e290000 - 0x00007ffb9e2b7000 	C:\Windows\SYSTEM32\WINMM.dll
0x00007ffb9e800000 - 0x00007ffb9e80a000 	C:\Windows\SYSTEM32\VERSION.dll
0x00007ffb9e500000 - 0x00007ffb9e512000 	C:\Windows\SYSTEM32\kernel.appcore.dll
0x00007ffb9a250000 - 0x00007ffb9a25a000 	C:\Users\ephra\.p2\pool\plugins\org.eclipse.justj.openjdk.hotspot.jre.full.win32.x86_64_16.0.2.v20210721-1149\jre\bin\jimage.dll
0x00007ffba0420000 - 0x00007ffba0604000 	C:\Windows\SYSTEM32\DBGHELP.DLL
0x00007ffba03f0000 - 0x00007ffba041c000 	C:\Windows\SYSTEM32\dbgcore.DLL
0x00007ffba11d0000 - 0x00007ffba1252000 	C:\Windows\System32\bcryptPrimitives.dll
0x00007ffb73220000 - 0x00007ffb7325b000 	C:\Users\ephra\.p2\pool\plugins\org.eclipse.justj.openjdk.hotspot.jre.full.win32.x86_64_16.0.2.v20210721-1149\jre\bin\jdwp.dll
0x00007ffb9cb40000 - 0x00007ffb9cb4e000 	C:\Users\ephra\.p2\pool\plugins\org.eclipse.justj.openjdk.hotspot.jre.full.win32.x86_64_16.0.2.v20210721-1149\jre\bin\instrument.dll
0x00007ffb73b00000 - 0x00007ffb73b25000 	C:\Users\ephra\.p2\pool\plugins\org.eclipse.justj.openjdk.hotspot.jre.full.win32.x86_64_16.0.2.v20210721-1149\jre\bin\java.dll
0x00007ffb89610000 - 0x00007ffb89628000 	C:\Users\ephra\.p2\pool\plugins\org.eclipse.justj.openjdk.hotspot.jre.full.win32.x86_64_16.0.2.v20210721-1149\jre\bin\zip.dll
0x00007ffba1a30000 - 0x00007ffba2174000 	C:\Windows\System32\SHELL32.dll
0x00007ffb9da20000 - 0x00007ffb9e1b4000 	C:\Windows\SYSTEM32\windows.storage.dll
0x00007ffba2a40000 - 0x00007ffba2d95000 	C:\Windows\System32\combase.dll
0x00007ffb9fde0000 - 0x00007ffb9fe0e000 	C:\Windows\SYSTEM32\Wldp.dll
0x00007ffba1510000 - 0x00007ffba15bd000 	C:\Windows\System32\SHCORE.dll
0x00007ffba19a0000 - 0x00007ffba19f5000 	C:\Windows\System32\shlwapi.dll
0x00007ffba09c0000 - 0x00007ffba09df000 	C:\Windows\SYSTEM32\profapi.dll
0x00007ffb8b460000 - 0x00007ffb8b46c000 	C:\Users\ephra\.p2\pool\plugins\org.eclipse.justj.openjdk.hotspot.jre.full.win32.x86_64_16.0.2.v20210721-1149\jre\bin\dt_socket.dll
0x00007ffb9f830000 - 0x00007ffb9f86b000 	C:\Windows\SYSTEM32\IPHLPAPI.DLL
0x00007ffb9fd20000 - 0x00007ffb9fd8a000 	C:\Windows\system32\mswsock.dll
0x00007ffb9f870000 - 0x00007ffb9f93b000 	C:\Windows\SYSTEM32\DNSAPI.dll
0x00007ffba21a0000 - 0x00007ffba21a8000 	C:\Windows\System32\NSI.dll
0x00007ffb97880000 - 0x00007ffb9788a000 	C:\Windows\System32\rasadhlp.dll
0x00007ffb906f0000 - 0x00007ffb9076f000 	C:\Windows\System32\fwpuclnt.dll
0x00007ffba1000000 - 0x00007ffba1027000 	C:\Windows\System32\bcrypt.dll
0x00007ffb89550000 - 0x00007ffb89569000 	C:\Users\ephra\.p2\pool\plugins\org.eclipse.justj.openjdk.hotspot.jre.full.win32.x86_64_16.0.2.v20210721-1149\jre\bin\net.dll
0x00007ffb9a830000 - 0x00007ffb9a93c000 	C:\Windows\SYSTEM32\WINHTTP.dll
0x00007ffb88660000 - 0x00007ffb88673000 	C:\Users\ephra\.p2\pool\plugins\org.eclipse.justj.openjdk.hotspot.jre.full.win32.x86_64_16.0.2.v20210721-1149\jre\bin\nio.dll
0x00007ffb9a240000 - 0x00007ffb9a250000 	C:\Users\ephra\.p2\pool\plugins\org.eclipse.justj.openjdk.hotspot.jre.full.win32.x86_64_16.0.2.v20210721-1149\jre\bin\verify.dll
0x00007ffb93050000 - 0x00007ffb93067000 	C:\Windows\SYSTEM32\dhcpcsvc6.DLL
0x00007ffb92fd0000 - 0x00007ffb92fed000 	C:\Windows\SYSTEM32\dhcpcsvc.DLL

dbghelp: loaded successfully - version: 4.0.5 - missing functions: none
symbol engine: initialized successfully - sym options: 0x614 - pdb path: .;C:\Users\ephra\.p2\pool\plugins\org.eclipse.justj.openjdk.hotspot.jre.full.win32.x86_64_16.0.2.v20210721-1149\jre\bin;C:\Windows\SYSTEM32;C:\Windows\WinSxS\amd64_microsoft.windows.common-controls_6595b64144ccf1df_6.0.19041.1110_none_60b5254171f9507e;C:\Users\ephra\.p2\pool\plugins\org.eclipse.justj.openjdk.hotspot.jre.full.win32.x86_64_16.0.2.v20210721-1149\jre\bin\server

VM Arguments:
jvm_args: -XX:+ShowCodeDetailsInExceptionMessages -agentlib:jdwp=transport=dt_socket,suspend=y,address=localhost:51176 -enableassertions -ea -javaagent:C:\Users\ephra\eclipse\java-2021-06\eclipse\configuration\org.eclipse.osgi\222\0\.cp\lib\javaagent-shaded.jar -Dfile.encoding=UTF-8 
java_command: org.eclipse.jdt.internal.junit.runner.RemoteTestRunner -version 3 -port 51175 -testLoaderClass org.eclipse.jdt.internal.junit4.runner.JUnit4TestLoader -loaderpluginname org.eclipse.jdt.junit4.runtime -classNames SortingMachine5aTest
java_class_path (initial): C:\Users\ephra\OneDrive\Documents\workspace\SortingMachineWithHeapsort\bin;C:\Users\ephra\Downloads\components.jar;C:\Users\ephra\.p2\pool\plugins\org.junit_4.13.0.v20200204-1500.jar;C:\Users\ephra\.p2\pool\plugins\org.hamcrest.core_1.3.0.v20180420-1519.jar;C:\Users\ephra\eclipse\java-2021-06\eclipse\configuration\org.eclipse.osgi\220\0\.cp;C:\Users\ephra\eclipse\java-2021-06\eclipse\configuration\org.eclipse.osgi\219\0\.cp
Launcher Type: SUN_STANDARD

[Global flags]
     intx CICompilerCount                          = 4                                         {product} {ergonomic}
     uint ConcGCThreads                            = 2                                         {product} {ergonomic}
     uint G1ConcRefinementThreads                  = 8                                         {product} {ergonomic}
   size_t G1HeapRegionSize                         = 1048576                                   {product} {ergonomic}
    uintx GCDrainStackTargetSize                   = 64                                        {product} {ergonomic}
   size_t InitialHeapSize                          = 130023424                                 {product} {ergonomic}
   size_t MarkStackSize                            = 4194304                                   {product} {ergonomic}
   size_t MaxHeapSize                              = 2076180480                                {product} {ergonomic}
   size_t MaxNewSize                               = 1245708288                                {product} {ergonomic}
   size_t MinHeapDeltaBytes                        = 1048576                                   {product} {ergonomic}
   size_t MinHeapSize                              = 8388608                                   {product} {ergonomic}
    uintx NonNMethodCodeHeapSize                   = 5839372                                {pd product} {ergonomic}
    uintx NonProfiledCodeHeapSize                  = 122909434                              {pd product} {ergonomic}
    uintx ProfiledCodeHeapSize                     = 122909434                              {pd product} {ergonomic}
    uintx ReservedCodeCacheSize                    = 251658240                              {pd product} {ergonomic}
     bool SegmentedCodeCache                       = true                                      {product} {ergonomic}
     bool ShowCodeDetailsInExceptionMessages       = true                                   {manageable} {command line}
   size_t SoftMaxHeapSize                          = 2076180480                             {manageable} {ergonomic}
     bool UseCompressedClassPointers               = true                           {product lp64_product} {ergonomic}
     bool UseCompressedOops                        = true                           {product lp64_product} {ergonomic}
     bool UseG1GC                                  = true                                      {product} {ergonomic}
     bool UseLargePagesIndividualAllocation        = false                                  {pd product} {ergonomic}

Logging:
Log output configuration:
 #0: stdout all=warning uptime,level,tags
 #1: stderr all=off uptime,level,tags

Environment Variables:
PATH=C:\Users\ephra\.p2\pool\plugins\org.eclipse.justj.openjdk.hotspot.jre.full.win32.x86_64_16.0.2.v20210721-1149\jre\bin;C:/Users/ephra/.p2/pool/plugins/org.eclipse.justj.openjdk.hotspot.jre.full.win32.x86_64_16.0.2.v20210721-1149/jre/bin/server;C:/Users/ephra/.p2/pool/plugins/org.eclipse.justj.openjdk.hotspot.jre.full.win32.x86_64_16.0.2.v20210721-1149/jre/bin;C:\Program Files (x86)\Common Files\Oracle\Java\javapath;C:\Windows\system32;C:\Windows;C:\Windows\System32\Wbem;C:\Windows\System32\WindowsPowerShell\v1.0\;C:\Windows\System32\OpenSSH\;C:\Program Files (x86)\Pulse Secure\VC142.CRT\X64\;C:\Program Files (x86)\Pulse Secure\VC142.CRT\X86\;C:\Program Files\PuTTY\;C:\Program Files\MATLAB\R2021b\bin;C:\Users\ephra\AppData\Local\Microsoft\WindowsApps;;C:\Users\ephra\eclipse\java-2021-06\eclipse;
USERNAME=ephra
OS=Windows_NT
PROCESSOR_IDENTIFIER=Intel64 Family 6 Model 140 Stepping 1, GenuineIntel



---------------  S Y S T E M  ---------------

OS:
 Windows 10 , 64 bit Build 19041 (10.0.19041.1503)
OS uptime: 8 days 9:43 hours

CPU: total 8 (initial active 8) (4 cores per cpu, 2 threads per core) family 6 model 140 stepping 1 microcode 0x9a, cx8, cmov, fxsr, ht, mmx, 3dnowpref, sse, sse2, sse3, ssse3, sse4.1, sse4.2, popcnt, lzcnt, tsc, tscinvbit, avx, avx2, aes, erms, clmul, bmi1, bmi2, adx, avx512f, avx512dq, avx512cd, avx512bw, avx512vl, sha, fma, vzeroupper, avx512_vpopcntdq, avx512_vpclmulqdq, avx512_vaes, avx512_vnni, clflush, clflushopt, clwb, avx512_vmbi2, avx512_vmbi

Memory: 4k page, system-wide physical 7918M (1291M free)
TotalPageFile size 15055M (AvailPageFile size 1929M)
current process WorkingSet (physical memory assigned to process): 59M, peak: 65M
current process commit charge ("private bytes"): 211M, peak: 215M

vm_info: OpenJDK 64-Bit Server VM (16.0.2+7-67) for windows-amd64 JRE (16.0.2+7-67), built on Jun  8 2021 23:21:43 by "mach5one" with MS VC++ 16.7 (VS2019)

END.
